[    9751ms] [WARNING] ConfigCat - WARN - [3000] There is an existing client instance for the specified SDK Key. No new client instance will be created and the specified options are ignored. Returning the existing client instance. SDK Key: 'configcat-proxy/frontend-v2'. @ https://frontend-assets.supabase.com/www/83ccf44461f7/_next/static/chunks/pages/_app-8976c805be07918e.js?dpl=dpl_Csjof29dyxw2vxZixEuRo63Ue6Wg:13
[    9755ms] [WARNING] ConfigCat - WARN - [3003] Cannot evaluate condition (User.cloud_provider EQUALS '<hashed value>') for setting 'enableSmartRegion' (the User.cloud_provider attribute is missing). You should set the User.cloud_provider attribute in order to make targeting work properly. Read more: https://configcat.com/docs/advanced/user-object/ @ https://frontend-assets.supabase.com/www/83ccf44461f7/_next/static/chunks/pages/_app-8976c805be07918e.js?dpl=dpl_Csjof29dyxw2vxZixEuRo63Ue6Wg:13
[    9756ms] [WARNING] ConfigCat - WARN - [3003] Cannot evaluate condition (User.cloud_provider EQUALS '<hashed value>') for setting 'enableSmartRegion' (the User.cloud_provider attribute is missing). You should set the User.cloud_provider attribute in order to make targeting work properly. Read more: https://configcat.com/docs/advanced/user-object/ @ https://frontend-assets.supabase.com/www/83ccf44461f7/_next/static/chunks/pages/_app-8976c805be07918e.js?dpl=dpl_Csjof29dyxw2vxZixEuRo63Ue6Wg:13
[   10268ms] [WARNING] ConfigCat - WARN - [3003] Cannot evaluate condition (User.cloud_provider EQUALS '<hashed value>') for setting 'enableSmartRegion' (the User.cloud_provider attribute is missing). You should set the User.cloud_provider attribute in order to make targeting work properly. Read more: https://configcat.com/docs/advanced/user-object/ @ https://frontend-assets.supabase.com/www/83ccf44461f7/_next/static/chunks/pages/_app-8976c805be07918e.js?dpl=dpl_Csjof29dyxw2vxZixEuRo63Ue6Wg:13
[   12412ms] [ERROR] CMP initialization failed: Error: No core data available for core/_EU1hbS1Mo9Zgo
    at u.<anonymous> (https://web.cmp.usercentrics.eu/ui/v/3.109.0/WebSdk.lib.06e74898.js:1:24314)
    at Object.<anonymous> (https://web.cmp.usercentrics.eu/ui/loader.js:1:2291)
    at n (https://web.cmp.usercentrics.eu/ui/loader.js:1:849)
    at c (https://web.cmp.usercentrics.eu/ui/loader.js:1:1046) @ https://web.cmp.usercentrics.eu/ui/loader.js:0
[   12626ms] [ERROR] Failed to load resource: net::ERR_NAME_NOT_RESOLVED @ https://o398706.ingest.us.sentry.io/api/5459134/envelope/?sentry_version=7&sentry_key=caa7db5fc1da4341810a6d56251a951c&sentry_client=sentry.javascript.nextjs%2F10.27.0:0
[   13245ms] [LOG] Supabase Studio is running commit 4189e76341a711c0be7605bedfb14aa7b58bcf95 deployed at 2026-04-02 23:22:50 +03:00. @ https://frontend-assets.supabase.com/studio/4189e76341a7/_next/static/chunks/e804b1275de5450d.js?dpl=dpl_JEBqTXSAQg8NTMevD7ptbZ5w4HKk:12
[   13957ms] [ERROR] Failed to load resource: net::ERR_NAME_NOT_RESOLVED @ https://o398706.ingest.us.sentry.io/api/5459134/envelope/?sentry_version=7&sentry_key=caa7db5fc1da4341810a6d56251a951c&sentry_client=sentry.javascript.nextjs%2F10.27.0:0
[   14726ms] [LOG] Supabase Studio is running commit 4189e76341a711c0be7605bedfb14aa7b58bcf95 deployed at 2026-04-02 23:22:50 +03:00. @ https://frontend-assets.supabase.com/studio/4189e76341a7/_next/static/chunks/e804b1275de5450d.js?dpl=dpl_JEBqTXSAQg8NTMevD7ptbZ5w4HKk:12
[   14755ms] [ERROR] Failed to load resource: net::ERR_NAME_NOT_RESOLVED @ https://o398706.ingest.us.sentry.io/api/5459134/envelope/?sentry_version=7&sentry_key=caa7db5fc1da4341810a6d56251a951c&sentry_client=sentry.javascript.nextjs%2F10.27.0:0
[   14755ms] [ERROR] Failed to load resource: net::ERR_NAME_NOT_RESOLVED @ https://o398706.ingest.us.sentry.io/api/5459134/envelope/?sentry_version=7&sentry_key=caa7db5fc1da4341810a6d56251a951c&sentry_client=sentry.javascript.nextjs%2F10.27.0:0
[   14793ms] [ERROR] Failed to load resource: net::ERR_NAME_NOT_RESOLVED @ https://o398706.ingest.us.sentry.io/api/5459134/envelope/?sentry_version=7&sentry_key=caa7db5fc1da4341810a6d56251a951c&sentry_client=sentry.javascript.nextjs%2F10.27.0:0
[   15012ms] [WARNING] [Warning] Please install/enable Redux devtools extension @ https://frontend-assets.supabase.com/studio/4189e76341a7/_next/static/chunks/e804b1275de5450d.js?dpl=dpl_JEBqTXSAQg8NTMevD7ptbZ5w4HKk:12
[   15980ms] [ERROR] Failed to load resource: net::ERR_NAME_NOT_RESOLVED @ https://o398706.ingest.us.sentry.io/api/5459134/envelope/?sentry_version=7&sentry_key=caa7db5fc1da4341810a6d56251a951c&sentry_client=sentry.javascript.nextjs%2F10.27.0:0
[   15980ms] [ERROR] Failed to load resource: net::ERR_NAME_NOT_RESOLVED @ https://o398706.ingest.us.sentry.io/api/5459134/envelope/?sentry_version=7&sentry_key=caa7db5fc1da4341810a6d56251a951c&sentry_client=sentry.javascript.nextjs%2F10.27.0:0
[   15980ms] [ERROR] Failed to load resource: net::ERR_NAME_NOT_RESOLVED @ https://o398706.ingest.us.sentry.io/api/5459134/envelope/?sentry_version=7&sentry_key=caa7db5fc1da4341810a6d56251a951c&sentry_client=sentry.javascript.nextjs%2F10.27.0:0
[   16488ms] [ERROR] Failed to load resource: the server responded with a status of 400 () @ https://api.supabase.com/platform/pg-meta/lddcmunhfqlybfrlbyzr/query?key=migrations:0
[   17864ms] [ERROR] Failed to load resource: net::ERR_NAME_NOT_RESOLVED @ https://o398706.ingest.us.sentry.io/api/5459134/envelope/?sentry_version=7&sentry_key=caa7db5fc1da4341810a6d56251a951c&sentry_client=sentry.javascript.nextjs%2F10.27.0:0
[   17864ms] [ERROR] Failed to load resource: net::ERR_NAME_NOT_RESOLVED @ https://o398706.ingest.us.sentry.io/api/5459134/envelope/?sentry_version=7&sentry_key=caa7db5fc1da4341810a6d56251a951c&sentry_client=sentry.javascript.nextjs%2F10.27.0:0
[   17864ms] [ERROR] Failed to load resource: net::ERR_NAME_NOT_RESOLVED @ https://o398706.ingest.us.sentry.io/api/5459134/envelope/?sentry_version=7&sentry_key=caa7db5fc1da4341810a6d56251a951c&sentry_client=sentry.javascript.nextjs%2F10.27.0:0
[   17896ms] [ERROR] Failed to load resource: net::ERR_NAME_NOT_RESOLVED @ https://o398706.ingest.us.sentry.io/api/5459134/envelope/?sentry_version=7&sentry_key=caa7db5fc1da4341810a6d56251a951c&sentry_client=sentry.javascript.nextjs%2F10.27.0:0
[   18137ms] [ERROR] Failed to load resource: net::ERR_NAME_NOT_RESOLVED @ https://o398706.ingest.us.sentry.io/api/5459134/envelope/?sentry_version=7&sentry_key=caa7db5fc1da4341810a6d56251a951c&sentry_client=sentry.javascript.nextjs%2F10.27.0:0
[   18137ms] [ERROR] Failed to load resource: net::ERR_NAME_NOT_RESOLVED @ https://o398706.ingest.us.sentry.io/api/5459134/envelope/?sentry_version=7&sentry_key=caa7db5fc1da4341810a6d56251a951c&sentry_client=sentry.javascript.nextjs%2F10.27.0:0
[   20003ms] [WARNING] Tabs is changing from controlled to uncontrolled. Components should not switch from controlled to uncontrolled (or vice versa). Decide between using a controlled or uncontrolled value for the lifetime of the component. @ https://frontend-assets.supabase.com/studio/4189e76341a7/_next/static/chunks/e804b1275de5450d.js?dpl=dpl_JEBqTXSAQg8NTMevD7ptbZ5w4HKk:12
[   20007ms] [WARNING] Tabs is changing from uncontrolled to controlled. Components should not switch from controlled to uncontrolled (or vice versa). Decide between using a controlled or uncontrolled value for the lifetime of the component. @ https://frontend-assets.supabase.com/studio/4189e76341a7/_next/static/chunks/e804b1275de5450d.js?dpl=dpl_JEBqTXSAQg8NTMevD7ptbZ5w4HKk:12
[   20012ms] [ERROR] Failed to load resource: net::ERR_NAME_NOT_RESOLVED @ https://o398706.ingest.us.sentry.io/api/5459134/envelope/?sentry_version=7&sentry_key=caa7db5fc1da4341810a6d56251a951c&sentry_client=sentry.javascript.nextjs%2F10.27.0:0
[   20012ms] [ERROR] Failed to load resource: net::ERR_NAME_NOT_RESOLVED @ https://o398706.ingest.us.sentry.io/api/5459134/envelope/?sentry_version=7&sentry_key=caa7db5fc1da4341810a6d56251a951c&sentry_client=sentry.javascript.nextjs%2F10.27.0:0
[   20012ms] [ERROR] Failed to load resource: net::ERR_NAME_NOT_RESOLVED @ https://o398706.ingest.us.sentry.io/api/5459134/envelope/?sentry_version=7&sentry_key=caa7db5fc1da4341810a6d56251a951c&sentry_client=sentry.javascript.nextjs%2F10.27.0:0
[   21024ms] [ERROR] Failed to load resource: net::ERR_NAME_NOT_RESOLVED @ https://o398706.ingest.us.sentry.io/api/5459134/envelope/?sentry_version=7&sentry_key=caa7db5fc1da4341810a6d56251a951c&sentry_client=sentry.javascript.nextjs%2F10.27.0:0
[  633476ms] [ERROR] Failed to load resource: net::ERR_NAME_NOT_RESOLVED @ https://o398706.ingest.us.sentry.io/api/5459134/envelope/?sentry_version=7&sentry_key=caa7db5fc1da4341810a6d56251a951c&sentry_client=sentry.javascript.nextjs%2F10.27.0:0
[  633476ms] [ERROR] Failed to load resource: net::ERR_NAME_NOT_RESOLVED @ https://o398706.ingest.us.sentry.io/api/5459134/envelope/?sentry_version=7&sentry_key=caa7db5fc1da4341810a6d56251a951c&sentry_client=sentry.javascript.nextjs%2F10.27.0:0
[  633514ms] [ERROR] Failed to load resource: net::ERR_NAME_NOT_RESOLVED @ https://o398706.ingest.us.sentry.io/api/5459134/envelope/?sentry_version=7&sentry_key=caa7db5fc1da4341810a6d56251a951c&sentry_client=sentry.javascript.nextjs%2F10.27.0:0
[  634898ms] [ERROR] Failed to load resource: net::ERR_NAME_NOT_RESOLVED @ https://o398706.ingest.us.sentry.io/api/5459134/envelope/?sentry_version=7&sentry_key=caa7db5fc1da4341810a6d56251a951c&sentry_client=sentry.javascript.nextjs%2F10.27.0:0
